This is pdfTeX, Version 3.141592653-2.6-1.40.22 (TeX Live 2022/dev/Debian) (preloaded format=pdflatex 2023.6.2)  12 OCT 2023 13:37
entering extended mode
 restricted \write18 enabled.
 file:line:error style messages enabled.
 %&-line parsing enabled.
**/home/weberam2/Dropbox/AssistantProf_BCCHRI/Teaching/JournalClubs/UBCMRIPhysicsGroup/texfiles/ScienceIncentives.tex
(/home/weberam2/Dropbox/AssistantProf_BCCHRI/Teaching/JournalClubs/UBCMRIPhysicsGroup/texfiles/ScienceIncentives.tex
LaTeX2e <2021-11-15> patch level 1
L3 programming layer <2022-01-21> (/usr/share/texlive/texmf-dist/tex/latex/beamer/beamer.cls
Document Class: beamer 2022/01/21 v3.65 A class for typesetting presentations
(/usr/share/texlive/texmf-dist/tex/latex/beamer/beamerbasemodes.sty (/usr/share/texlive/texmf-dist/tex/latex/etoolbox/etoolbox.sty
Package: etoolbox 2020/10/05 v2.5k e-TeX tools for LaTeX (JAW)
\etb@tempcnta=\count185
)
\beamer@tempbox=\box50
\beamer@tempcount=\count186
\c@beamerpauses=\count187
 (/usr/share/texlive/texmf-dist/tex/latex/beamer/beamerbasedecode.sty
\beamer@slideinframe=\count188
\beamer@minimum=\count189
\beamer@decode@box=\box51
)
\beamer@commentbox=\box52
\beamer@modecount=\count190
) (/usr/share/texlive/texmf-dist/tex/generic/iftex/ifpdf.sty
Package: ifpdf 2019/10/25 v3.4 ifpdf legacy package. Use iftex instead.
 (/usr/share/texlive/texmf-dist/tex/generic/iftex/iftex.sty
Package: iftex 2020/03/06 v1.0d TeX engine tests
))
\headdp=\dimen138
\footheight=\dimen139
\sidebarheight=\dimen140
\beamer@tempdim=\dimen141
\beamer@finalheight=\dimen142
\beamer@animht=\dimen143
\beamer@animdp=\dimen144
\beamer@animwd=\dimen145
\beamer@leftmargin=\dimen146
\beamer@rightmargin=\dimen147
\beamer@leftsidebar=\dimen148
\beamer@rightsidebar=\dimen149
\beamer@boxsize=\dimen150
\beamer@vboxoffset=\dimen151
\beamer@descdefault=\dimen152
\beamer@descriptionwidth=\dimen153
\beamer@lastskip=\skip47
\beamer@areabox=\box53
\beamer@animcurrent=\box54
\beamer@animshowbox=\box55
\beamer@sectionbox=\box56
\beamer@logobox=\box57
\beamer@linebox=\box58
\beamer@sectioncount=\count191
\beamer@subsubsectionmax=\count192
\beamer@subsectionmax=\count193
\beamer@sectionmax=\count194
\beamer@totalheads=\count195
\beamer@headcounter=\count196
\beamer@partstartpage=\count197
\beamer@sectionstartpage=\count198
\beamer@subsectionstartpage=\count199
\beamer@animationtempa=\count266
\beamer@animationtempb=\count267
\beamer@xpos=\count268
\beamer@ypos=\count269
\beamer@ypos@offset=\count270
\beamer@showpartnumber=\count271
\beamer@currentsubsection=\count272
\beamer@coveringdepth=\count273
\beamer@sectionadjust=\count274
\beamer@toclastsection=\count275
\beamer@tocsectionnumber=\count276
 (/usr/share/texlive/texmf-dist/tex/latex/beamer/beamerbaseoptions.sty (/usr/share/texlive/texmf-dist/tex/latex/graphics/keyval.sty
Package: keyval 2014/10/28 v1.15 key=value parser (DPC)
\KV@toks@=\toks16
))
\beamer@paperwidth=\skip48
\beamer@paperheight=\skip49
 (/usr/share/texlive/texmf-dist/tex/latex/geometry/geometry.sty
Package: geometry 2020/01/02 v5.9 Page Geometry
 (/usr/share/texlive/texmf-dist/tex/generic/iftex/ifvtex.sty
Package: ifvtex 2019/10/25 v1.7 ifvtex legacy package. Use iftex instead.
)
\Gm@cnth=\count277
\Gm@cntv=\count278
\c@Gm@tempcnt=\count279
\Gm@bindingoffset=\dimen154
\Gm@wd@mp=\dimen155
\Gm@odd@mp=\dimen156
\Gm@even@mp=\dimen157
\Gm@layoutwidth=\dimen158
\Gm@layoutheight=\dimen159
\Gm@layouthoffset=\dimen160
\Gm@layoutvoffset=\dimen161
\Gm@dimlist=\toks17
) (/usr/share/texlive/texmf-dist/tex/latex/pgf/basiclayer/pgfcore.sty (/usr/share/texlive/texmf-dist/tex/latex/graphics/graphicx.sty
Package: graphicx 2021/09/16 v1.2d Enhanced LaTeX Graphics (DPC,SPQR)
 (/usr/share/texlive/texmf-dist/tex/latex/graphics/graphics.sty
Package: graphics 2021/03/04 v1.4d Standard LaTeX Graphics (DPC,SPQR)
 (/usr/share/texlive/texmf-dist/tex/latex/graphics/trig.sty
Package: trig 2021/08/11 v1.11 sin cos tan (DPC)
) (/usr/share/texlive/texmf-dist/tex/latex/graphics-cfg/graphics.cfg
File: graphics.cfg 2016/06/04 v1.11 sample graphics configuration
)
Package graphics Info: Driver file: pdftex.def on input line 107.
 (/usr/share/texlive/texmf-dist/tex/latex/graphics-def/pdftex.def
File: pdftex.def 2020/10/05 v1.2a Graphics/color driver for pdftex
))
\Gin@req@height=\dimen162
\Gin@req@width=\dimen163
) (/usr/share/texlive/texmf-dist/tex/latex/pgf/systemlayer/pgfsys.sty (/usr/share/texlive/texmf-dist/tex/latex/pgf/utilities/pgfrcs.sty (/usr/share/texlive/texmf-dist/tex/generic/pgf/utilities/pgfutil-common.tex
\pgfutil@everybye=\toks18
\pgfutil@tempdima=\dimen164
\pgfutil@tempdimb=\dimen165
 (/usr/share/texlive/texmf-dist/tex/generic/pgf/utilities/pgfutil-common-lists.tex)) (/usr/share/texlive/texmf-dist/tex/generic/pgf/utilities/pgfutil-latex.def
\pgfutil@abb=\box59
) (/usr/share/texlive/texmf-dist/tex/generic/pgf/utilities/pgfrcs.code.tex (/usr/share/texlive/texmf-dist/tex/generic/pgf/pgf.revision.tex)
Package: pgfrcs 2021/05/15 v3.1.9a (3.1.9a)
)) (/usr/share/texlive/texmf-dist/tex/generic/pgf/systemlayer/pgfsys.code.tex
Package: pgfsys 2021/05/15 v3.1.9a (3.1.9a)
 (/usr/share/texlive/texmf-dist/tex/generic/pgf/utilities/pgfkeys.code.tex
\pgfkeys@pathtoks=\toks19
\pgfkeys@temptoks=\toks20
 (/usr/share/texlive/texmf-dist/tex/generic/pgf/utilities/pgfkeysfiltered.code.tex
\pgfkeys@tmptoks=\toks21
))
\pgf@x=\dimen166
\pgf@y=\dimen167
\pgf@xa=\dimen168
\pgf@ya=\dimen169
\pgf@xb=\dimen170
\pgf@yb=\dimen171
\pgf@xc=\dimen172
\pgf@yc=\dimen173
\pgf@xd=\dimen174
\pgf@yd=\dimen175
\w@pgf@writea=\write3
\r@pgf@reada=\read2
\c@pgf@counta=\count280
\c@pgf@countb=\count281
\c@pgf@countc=\count282
\c@pgf@countd=\count283
\t@pgf@toka=\toks22
\t@pgf@tokb=\toks23
\t@pgf@tokc=\toks24
\pgf@sys@id@count=\count284
 (/usr/share/texlive/texmf-dist/tex/generic/pgf/systemlayer/pgf.cfg
File: pgf.cfg 2021/05/15 v3.1.9a (3.1.9a)
)
Driver file for pgf: pgfsys-pdftex.def
 (/usr/share/texlive/texmf-dist/tex/generic/pgf/systemlayer/pgfsys-pdftex.def
File: pgfsys-pdftex.def 2021/05/15 v3.1.9a (3.1.9a)
 (/usr/share/texlive/texmf-dist/tex/generic/pgf/systemlayer/pgfsys-common-pdf.def
File: pgfsys-common-pdf.def 2021/05/15 v3.1.9a (3.1.9a)
))) (/usr/share/texlive/texmf-dist/tex/generic/pgf/systemlayer/pgfsyssoftpath.code.tex
File: pgfsyssoftpath.code.tex 2021/05/15 v3.1.9a (3.1.9a)
\pgfsyssoftpath@smallbuffer@items=\count285
\pgfsyssoftpath@bigbuffer@items=\count286
) (/usr/share/texlive/texmf-dist/tex/generic/pgf/systemlayer/pgfsysprotocol.code.tex
File: pgfsysprotocol.code.tex 2021/05/15 v3.1.9a (3.1.9a)
)) (/usr/share/texlive/texmf-dist/tex/latex/xcolor/xcolor.sty
Package: xcolor 2021/10/31 v2.13 LaTeX color extensions (UK)
 (/usr/share/texlive/texmf-dist/tex/latex/graphics-cfg/color.cfg
File: color.cfg 2016/01/02 v1.6 sample color configuration
)
Package xcolor Info: Driver file: pdftex.def on input line 227.
Package xcolor Info: Model `cmy' substituted by `cmy0' on input line 1352.
Package xcolor Info: Model `hsb' substituted by `rgb' on input line 1356.
Package xcolor Info: Model `RGB' extended on input line 1368.
Package xcolor Info: Model `HTML' substituted by `rgb' on input line 1370.
Package xcolor Info: Model `Hsb' substituted by `hsb' on input line 1371.
Package xcolor Info: Model `tHsb' substituted by `hsb' on input line 1372.
Package xcolor Info: Model `HSB' substituted by `hsb' on input line 1373.
Package xcolor Info: Model `Gray' substituted by `gray' on input line 1374.
Package xcolor Info: Model `wave' substituted by `hsb' on input line 1375.
) (/usr/share/texlive/texmf-dist/tex/generic/pgf/basiclayer/pgfcore.code.tex
Package: pgfcore 2021/05/15 v3.1.9a (3.1.9a)
 (/usr/share/texlive/texmf-dist/tex/generic/pgf/math/pgfmath.code.tex (/usr/share/texlive/texmf-dist/tex/generic/pgf/math/pgfmathcalc.code.tex (/usr/share/texlive/texmf-dist/tex/generic/pgf/math/pgfmathutil.code.tex) (/usr/share/texlive/texmf-dist/tex/generic/pgf/math/pgfmathparser.code.tex
\pgfmath@dimen=\dimen176
\pgfmath@count=\count287
\pgfmath@box=\box60
\pgfmath@toks=\toks25
\pgfmath@stack@operand=\toks26
\pgfmath@stack@operation=\toks27
) (/usr/share/texlive/texmf-dist/tex/generic/pgf/math/pgfmathfunctions.code.tex (/usr/share/texlive/texmf-dist/tex/generic/pgf/math/pgfmathfunctions.basic.code.tex) (/usr/share/texlive/texmf-dist/tex/generic/pgf/math/pgfmathfunctions.trigonometric.code.tex) (/usr/share/texlive/texmf-dist/tex/generic/pgf/math/pgfmathfunctions.random.code.tex) (/usr/share/texlive/texmf-dist/tex/generic/pgf/math/pgfmathfunctions.comparison.code.tex) (/usr/share/texlive/texmf-dist/tex/generic/pgf/math/pgfmathfunctions.base.code.tex) (/usr/share/texlive/texmf-dist/tex/generic/pgf/math/pgfmathfunctions.round.code.tex) (/usr/share/texlive/texmf-dist/tex/generic/pgf/math/pgfmathfunctions.misc.code.tex) (/usr/share/texlive/texmf-dist/tex/generic/pgf/math/pgfmathfunctions.integerarithmetics.code.tex))) (/usr/share/texlive/texmf-dist/tex/generic/pgf/math/pgfmathfloat.code.tex
\c@pgfmathroundto@lastzeros=\count288
)) (/usr/share/texlive/texmf-dist/tex/generic/pgf/math/pgfint.code.tex) (/usr/share/texlive/texmf-dist/tex/generic/pgf/basiclayer/pgfcorepoints.code.tex
File: pgfcorepoints.code.tex 2021/05/15 v3.1.9a (3.1.9a)
\pgf@picminx=\dimen177
\pgf@picmaxx=\dimen178
\pgf@picminy=\dimen179
\pgf@picmaxy=\dimen180
\pgf@pathminx=\dimen181
\pgf@pathmaxx=\dimen182
\pgf@pathminy=\dimen183
\pgf@pathmaxy=\dimen184
\pgf@xx=\dimen185
\pgf@xy=\dimen186
\pgf@yx=\dimen187
\pgf@yy=\dimen188
\pgf@zx=\dimen189
\pgf@zy=\dimen190
) (/usr/share/texlive/texmf-dist/tex/generic/pgf/basiclayer/pgfcorepathconstruct.code.tex
File: pgfcorepathconstruct.code.tex 2021/05/15 v3.1.9a (3.1.9a)
\pgf@path@lastx=\dimen191
\pgf@path@lasty=\dimen192
) (/usr/share/texlive/texmf-dist/tex/generic/pgf/basiclayer/pgfcorepathusage.code.tex
File: pgfcorepathusage.code.tex 2021/05/15 v3.1.9a (3.1.9a)
\pgf@shorten@end@additional=\dimen193
\pgf@shorten@start@additional=\dimen194
) (/usr/share/texlive/texmf-dist/tex/generic/pgf/basiclayer/pgfcorescopes.code.tex
File: pgfcorescopes.code.tex 2021/05/15 v3.1.9a (3.1.9a)
\pgfpic=\box61
\pgf@hbox=\box62
\pgf@layerbox@main=\box63
\pgf@picture@serial@count=\count289
) (/usr/share/texlive/texmf-dist/tex/generic/pgf/basiclayer/pgfcoregraphicstate.code.tex
File: pgfcoregraphicstate.code.tex 2021/05/15 v3.1.9a (3.1.9a)
\pgflinewidth=\dimen195
) (/usr/share/texlive/texmf-dist/tex/generic/pgf/basiclayer/pgfcoretransformations.code.tex
File: pgfcoretransformations.code.tex 2021/05/15 v3.1.9a (3.1.9a)
\pgf@pt@x=\dimen196
\pgf@pt@y=\dimen197
\pgf@pt@temp=\dimen198
) (/usr/share/texlive/texmf-dist/tex/generic/pgf/basiclayer/pgfcorequick.code.tex
File: pgfcorequick.code.tex 2021/05/15 v3.1.9a (3.1.9a)
) (/usr/share/texlive/texmf-dist/tex/generic/pgf/basiclayer/pgfcoreobjects.code.tex
File: pgfcoreobjects.code.tex 2021/05/15 v3.1.9a (3.1.9a)
) (/usr/share/texlive/texmf-dist/tex/generic/pgf/basiclayer/pgfcorepathprocessing.code.tex
File: pgfcorepathprocessing.code.tex 2021/05/15 v3.1.9a (3.1.9a)
) (/usr/share/texlive/texmf-dist/tex/generic/pgf/basiclayer/pgfcorearrows.code.tex
File: pgfcorearrows.code.tex 2021/05/15 v3.1.9a (3.1.9a)
\pgfarrowsep=\dimen199
) (/usr/share/texlive/texmf-dist/tex/generic/pgf/basiclayer/pgfcoreshade.code.tex
File: pgfcoreshade.code.tex 2021/05/15 v3.1.9a (3.1.9a)
\pgf@max=\dimen256
\pgf@sys@shading@range@num=\count290
\pgf@shadingcount=\count291
) (/usr/share/texlive/texmf-dist/tex/generic/pgf/basiclayer/pgfcoreimage.code.tex
File: pgfcoreimage.code.tex 2021/05/15 v3.1.9a (3.1.9a)
 (/usr/share/texlive/texmf-dist/tex/generic/pgf/basiclayer/pgfcoreexternal.code.tex
File: pgfcoreexternal.code.tex 2021/05/15 v3.1.9a (3.1.9a)
\pgfexternal@startupbox=\box64
)) (/usr/share/texlive/texmf-dist/tex/generic/pgf/basiclayer/pgfcorelayers.code.tex
File: pgfcorelayers.code.tex 2021/05/15 v3.1.9a (3.1.9a)
) (/usr/share/texlive/texmf-dist/tex/generic/pgf/basiclayer/pgfcoretransparency.code.tex
File: pgfcoretransparency.code.tex 2021/05/15 v3.1.9a (3.1.9a)
) (/usr/share/texlive/texmf-dist/tex/generic/pgf/basiclayer/pgfcorepatterns.code.tex
File: pgfcorepatterns.code.tex 2021/05/15 v3.1.9a (3.1.9a)
) (/usr/share/texlive/texmf-dist/tex/generic/pgf/basiclayer/pgfcorerdf.code.tex
File: pgfcorerdf.code.tex 2021/05/15 v3.1.9a (3.1.9a)
))) (/usr/share/texlive/texmf-dist/tex/latex/base/size11.clo
File: size11.clo 2021/10/04 v1.4n Standard LaTeX file (size option)
) (/usr/share/texlive/texmf-dist/tex/latex/pgf/utilities/xxcolor.sty
Package: xxcolor 2003/10/24 ver 0.1
\XC@nummixins=\count292
\XC@countmixins=\count293
) (/usr/share/texlive/texmf-dist/tex/latex/base/atbegshi-ltx.sty
Package: atbegshi-ltx 2021/01/10 v1.0c Emulation of the original atbegshi
package with kernel methods
) (/usr/share/texlive/texmf-dist/tex/latex/hyperref/hyperref.sty
Package: hyperref 2021-06-07 v7.00m Hypertext links for LaTeX
 (/usr/share/texlive/texmf-dist/tex/generic/ltxcmds/ltxcmds.sty
Package: ltxcmds 2020-05-10 v1.25 LaTeX kernel commands for general use (HO)
) (/usr/share/texlive/texmf-dist/tex/generic/pdftexcmds/pdftexcmds.sty
Package: pdftexcmds 2020-06-27 v0.33 Utility functions of pdfTeX for LuaTeX (HO)
 (/usr/share/texlive/texmf-dist/tex/generic/infwarerr/infwarerr.sty
Package: infwarerr 2019/12/03 v1.5 Providing info/warning/error messages (HO)
)
Package pdftexcmds Info: \pdf@primitive is available.
Package pdftexcmds Info: \pdf@ifprimitive is available.
Package pdftexcmds Info: \pdfdraftmode found.
) (/usr/share/texlive/texmf-dist/tex/generic/kvsetkeys/kvsetkeys.sty
Package: kvsetkeys 2019/12/15 v1.18 Key value parser (HO)
) (/usr/share/texlive/texmf-dist/tex/generic/kvdefinekeys/kvdefinekeys.sty
Package: kvdefinekeys 2019-12-19 v1.6 Define keys (HO)
) (/usr/share/texlive/texmf-dist/tex/generic/pdfescape/pdfescape.sty
Package: pdfescape 2019/12/09 v1.15 Implements pdfTeX's escape features (HO)
) (/usr/share/texlive/texmf-dist/tex/latex/hycolor/hycolor.sty
Package: hycolor 2020-01-27 v1.10 Color options for hyperref/bookmark (HO)
) (/usr/share/texlive/texmf-dist/tex/latex/letltxmacro/letltxmacro.sty
Package: letltxmacro 2019/12/03 v1.6 Let assignment for LaTeX macros (HO)
) (/usr/share/texlive/texmf-dist/tex/latex/auxhook/auxhook.sty
Package: auxhook 2019-12-17 v1.6 Hooks for auxiliary files (HO)
) (/usr/share/texlive/texmf-dist/tex/latex/kvoptions/kvoptions.sty
Package: kvoptions 2020-10-07 v3.14 Key value format for package options (HO)
)
\@linkdim=\dimen257
\Hy@linkcounter=\count294
\Hy@pagecounter=\count295
 (/usr/share/texlive/texmf-dist/tex/latex/hyperref/pd1enc.def
File: pd1enc.def 2021-06-07 v7.00m Hyperref: PDFDocEncoding definition (HO)
Now handling font encoding PD1 ...
... no UTF-8 mapping file for font encoding PD1
) (/usr/share/texlive/texmf-dist/tex/latex/hyperref/hyperref-langpatches.def
File: hyperref-langpatches.def 2021-06-07 v7.00m Hyperref: patches for babel languages
) (/usr/share/texlive/texmf-dist/tex/generic/intcalc/intcalc.sty
Package: intcalc 2019/12/15 v1.3 Expandable calculations with integers (HO)
) (/usr/share/texlive/texmf-dist/tex/generic/etexcmds/etexcmds.sty
Package: etexcmds 2019/12/15 v1.7 Avoid name clashes with e-TeX commands (HO)
)
\Hy@SavedSpaceFactor=\count296
 (/usr/share/texlive/texmf-dist/tex/latex/hyperref/puenc.def
File: puenc.def 2021-06-07 v7.00m Hyperref: PDF Unicode definition (HO)
Now handling font encoding PU ...
... no UTF-8 mapping file for font encoding PU
)
Package hyperref Info: Option `bookmarks' set `true' on input line 4073.
Package hyperref Info: Option `bookmarksopen' set `true' on input line 4073.
Package hyperref Info: Option `implicit' set `false' on input line 4073.
Package hyperref Info: Hyper figures OFF on input line 4192.
Package hyperref Info: Link nesting OFF on input line 4197.
Package hyperref Info: Hyper index ON on input line 4200.
Package hyperref Info: Plain pages OFF on input line 4207.
Package hyperref Info: Backreferencing OFF on input line 4212.
Package hyperref Info: Implicit mode OFF; no redefinition of LaTeX internals.
Package hyperref Info: Bookmarks ON on input line 4445.
\c@Hy@tempcnt=\count297
 (/usr/share/texlive/texmf-dist/tex/latex/url/url.sty
\Urlmuskip=\muskip16
Package: url 2013/09/16  ver 3.4  Verb mode for urls, etc.
)
LaTeX Info: Redefining \url on input line 4804.
\XeTeXLinkMargin=\dimen258
 (/usr/share/texlive/texmf-dist/tex/generic/bitset/bitset.sty
Package: bitset 2019/12/09 v1.3 Handle bit-vector datatype (HO)
 (/usr/share/texlive/texmf-dist/tex/generic/bigintcalc/bigintcalc.sty
Package: bigintcalc 2019/12/15 v1.5 Expandable calculations on big integers (HO)
))
\Fld@menulength=\count298
\Field@Width=\dimen259
\Fld@charsize=\dimen260
Package hyperref Info: Hyper figures OFF on input line 6076.
Package hyperref Info: Link nesting OFF on input line 6081.
Package hyperref Info: Hyper index ON on input line 6084.
Package hyperref Info: backreferencing OFF on input line 6091.
Package hyperref Info: Link coloring OFF on input line 6096.
Package hyperref Info: Link coloring with OCG OFF on input line 6101.
Package hyperref Info: PDF/A mode OFF on input line 6106.
LaTeX Info: Redefining \ref on input line 6146.
LaTeX Info: Redefining \pageref on input line 6150.
\Hy@abspage=\count299


Package hyperref Message: Stopped early.

)
Package hyperref Info: Driver (autodetected): hpdftex.
 (/usr/share/texlive/texmf-dist/tex/latex/hyperref/hpdftex.def
File: hpdftex.def 2021-06-07 v7.00m Hyperref driver for pdfTeX
 (/usr/share/texlive/texmf-dist/tex/latex/base/atveryend-ltx.sty
Package: atveryend-ltx 2020/08/19 v1.0a Emulation of the original atveryend package
with kernel methods
)
\Fld@listcount=\count300
\c@bookmark@seq@number=\count301
 (/usr/share/texlive/texmf-dist/tex/latex/rerunfilecheck/rerunfilecheck.sty
Package: rerunfilecheck 2019/12/05 v1.9 Rerun checks for auxiliary files (HO)
 (/usr/share/texlive/texmf-dist/tex/generic/uniquecounter/uniquecounter.sty
Package: uniquecounter 2019/12/15 v1.4 Provide unlimited unique counter (HO)
)
Package uniquecounter Info: New unique counter `rerunfilecheck' on input line 286.
)) (/usr/share/texlive/texmf-dist/tex/latex/beamer/beamerbaserequires.sty (/usr/share/texlive/texmf-dist/tex/latex/beamer/beamerbasecompatibility.sty) (/usr/share/texlive/texmf-dist/tex/latex/beamer/beamerbasefont.sty (/usr/share/texlive/texmf-dist/tex/latex/amsfonts/amssymb.sty
Package: amssymb 2013/01/14 v3.01 AMS font symbols
 (/usr/share/texlive/texmf-dist/tex/latex/amsfonts/amsfonts.sty
Package: amsfonts 2013/01/14 v3.01 Basic AMSFonts support
\@emptytoks=\toks28
\symAMSa=\mathgroup4
\symAMSb=\mathgroup5
LaTeX Font Info:    Redeclaring math symbol \hbar on input line 98.
LaTeX Font Info:    Overwriting math alphabet `\mathfrak' in version `bold'
(Font)                  U/euf/m/n --> U/euf/b/n on input line 106.
)) (/usr/share/texlive/texmf-dist/tex/latex/sansmathaccent/sansmathaccent.sty
Package: sansmathaccent 2020/01/31
 (/usr/share/texlive/texmf-dist/tex/latex/koma-script/scrlfile.sty
Package: scrlfile 2021/11/13 v3.35 KOMA-Script package (file load hooks)
 (/usr/share/texlive/texmf-dist/tex/latex/koma-script/scrlfile-hook.sty
Package: scrlfile-hook 2021/11/13 v3.35 KOMA-Script package (using LaTeX hooks)
 (/usr/share/texlive/texmf-dist/tex/latex/koma-script/scrlogo.sty
Package: scrlogo 2021/11/13 v3.35 KOMA-Script package (logo)
))))) (/usr/share/texlive/texmf-dist/tex/latex/beamer/beamerbasetranslator.sty (/usr/share/texlive/texmf-dist/tex/latex/translator/translator.sty
Package: translator 2021-05-31 v1.12d Easy translation of strings in LaTeX
)) (/usr/share/texlive/texmf-dist/tex/latex/beamer/beamerbasemisc.sty) (/usr/share/texlive/texmf-dist/tex/latex/beamer/beamerbasetwoscreens.sty) (/usr/share/texlive/texmf-dist/tex/latex/beamer/beamerbaseoverlay.sty
\beamer@argscount=\count302
\beamer@lastskipcover=\skip50
\beamer@trivlistdepth=\count303
) (/usr/share/texlive/texmf-dist/tex/latex/beamer/beamerbasetitle.sty) (/usr/share/texlive/texmf-dist/tex/latex/beamer/beamerbasesection.sty
\c@lecture=\count304
\c@part=\count305
\c@section=\count306
\c@subsection=\count307
\c@subsubsection=\count308
) (/usr/share/texlive/texmf-dist/tex/latex/beamer/beamerbaseframe.sty
\beamer@framebox=\box65
\beamer@frametitlebox=\box66
\beamer@zoombox=\box67
\beamer@zoomcount=\count309
\beamer@zoomframecount=\count310
\beamer@frametextheight=\dimen261
\c@subsectionslide=\count311
\beamer@frametopskip=\skip51
\beamer@framebottomskip=\skip52
\beamer@frametopskipautobreak=\skip53
\beamer@framebottomskipautobreak=\skip54
\beamer@envbody=\toks29
\framewidth=\dimen262
\c@framenumber=\count312
) (/usr/share/texlive/texmf-dist/tex/latex/beamer/beamerbaseverbatim.sty
\beamer@verbatimfileout=\write4
) (/usr/share/texlive/texmf-dist/tex/latex/beamer/beamerbaseframesize.sty
\beamer@splitbox=\box68
\beamer@autobreakcount=\count313
\beamer@autobreaklastheight=\dimen263
\beamer@frametitletoks=\toks30
\beamer@framesubtitletoks=\toks31
) (/usr/share/texlive/texmf-dist/tex/latex/beamer/beamerbaseframecomponents.sty
\beamer@footins=\box69
) (/usr/share/texlive/texmf-dist/tex/latex/beamer/beamerbasecolor.sty) (/usr/share/texlive/texmf-dist/tex/latex/beamer/beamerbasenotes.sty
\beamer@frameboxcopy=\box70
) (/usr/share/texlive/texmf-dist/tex/latex/beamer/beamerbasetoc.sty) (/usr/share/texlive/texmf-dist/tex/latex/beamer/beamerbasetemplates.sty
\beamer@sbttoks=\toks32
 (/usr/share/texlive/texmf-dist/tex/latex/beamer/beamerbaseauxtemplates.sty (/usr/share/texlive/texmf-dist/tex/latex/beamer/beamerbaseboxes.sty
\bmb@box=\box71
\bmb@colorbox=\box72
\bmb@boxwidth=\dimen264
\bmb@boxheight=\dimen265
\bmb@prevheight=\dimen266
\bmb@temp=\dimen267
\bmb@dima=\dimen268
\bmb@dimb=\dimen269
\bmb@prevheight=\dimen270
)
\beamer@blockheadheight=\dimen271
)) (/usr/share/texlive/texmf-dist/tex/latex/beamer/beamerbaselocalstructure.sty (/usr/share/texlive/texmf-dist/tex/latex/tools/enumerate.sty
Package: enumerate 2015/07/23 v3.00 enumerate extensions (DPC)
\@enLab=\toks33
)
\beamer@bibiconwidth=\skip55
\c@figure=\count314
\c@table=\count315
\abovecaptionskip=\skip56
\belowcaptionskip=\skip57
) (/usr/share/texlive/texmf-dist/tex/latex/beamer/beamerbasenavigation.sty
\beamer@section@min@dim=\dimen272
) (/usr/share/texlive/texmf-dist/tex/latex/beamer/beamerbasetheorems.sty (/usr/share/texlive/texmf-dist/tex/latex/amsmath/amsmath.sty
Package: amsmath 2021/10/15 v2.17l AMS math features
\@mathmargin=\skip58

For additional information on amsmath, use the `?' option.
(/usr/share/texlive/texmf-dist/tex/latex/amsmath/amstext.sty
Package: amstext 2021/08/26 v2.01 AMS text
 (/usr/share/texlive/texmf-dist/tex/latex/amsmath/amsgen.sty
File: amsgen.sty 1999/11/30 v2.0 generic functions
\@emptytoks=\toks34
\ex@=\dimen273
)) (/usr/share/texlive/texmf-dist/tex/latex/amsmath/amsbsy.sty
Package: amsbsy 1999/11/29 v1.2d Bold Symbols
\pmbraise@=\dimen274
) (/usr/share/texlive/texmf-dist/tex/latex/amsmath/amsopn.sty
Package: amsopn 2021/08/26 v2.02 operator names
)
\inf@bad=\count316
LaTeX Info: Redefining \frac on input line 234.
\uproot@=\count317
\leftroot@=\count318
LaTeX Info: Redefining \overline on input line 399.
\classnum@=\count319
\DOTSCASE@=\count320
LaTeX Info: Redefining \ldots on input line 496.
LaTeX Info: Redefining \dots on input line 499.
LaTeX Info: Redefining \cdots on input line 620.
\Mathstrutbox@=\box73
\strutbox@=\box74
\big@size=\dimen275
LaTeX Font Info:    Redeclaring font encoding OML on input line 743.
LaTeX Font Info:    Redeclaring font encoding OMS on input line 744.
\macc@depth=\count321
\c@MaxMatrixCols=\count322
\dotsspace@=\muskip17
\c@parentequation=\count323
\dspbrk@lvl=\count324
\tag@help=\toks35
\row@=\count325
\column@=\count326
\maxfields@=\count327
\andhelp@=\toks36
\eqnshift@=\dimen276
\alignsep@=\dimen277
\tagshift@=\dimen278
\tagwidth@=\dimen279
\totwidth@=\dimen280
\lineht@=\dimen281
\@envbody=\toks37
\multlinegap=\skip59
\multlinetaggap=\skip60
\mathdisplay@stack=\toks38
LaTeX Info: Redefining \[ on input line 2938.
LaTeX Info: Redefining \] on input line 2939.
) (/usr/share/texlive/texmf-dist/tex/latex/amscls/amsthm.sty
Package: amsthm 2020/05/29 v2.20.6
\thm@style=\toks39
\thm@bodyfont=\toks40
\thm@headfont=\toks41
\thm@notefont=\toks42
\thm@headpunct=\toks43
\thm@preskip=\skip61
\thm@postskip=\skip62
\thm@headsep=\skip63
\dth@everypar=\toks44
)
\c@theorem=\count328
) (/usr/share/texlive/texmf-dist/tex/latex/beamer/beamerbasethemes.sty)) (/usr/share/texlive/texmf-dist/tex/latex/beamer/beamerthemedefault.sty (/usr/share/texlive/texmf-dist/tex/latex/beamer/beamerfontthemedefault.sty) (/usr/share/texlive/texmf-dist/tex/latex/beamer/beamercolorthemedefault.sty) (/usr/share/texlive/texmf-dist/tex/latex/beamer/beamerinnerthemedefault.sty
\beamer@dima=\dimen282
\beamer@dimb=\dimen283
) (/usr/share/texlive/texmf-dist/tex/latex/beamer/beamerouterthemedefault.sty))) (/usr/share/texlive/texmf-dist/tex/latex/beamer/beamerthemeBoadilla.sty (/usr/share/texlive/texmf-dist/tex/latex/beamer/beamercolorthemerose.sty) (/usr/share/texlive/texmf-dist/tex/latex/beamer/beamerinnerthemerounded.sty) (/usr/share/texlive/texmf-dist/tex/latex/beamer/beamercolorthemedolphin.sty) (/usr/share/texlive/texmf-dist/tex/latex/beamer/beamerouterthemeinfolines.sty)) (/usr/share/texlive/texmf-dist/tex/latex/adjustbox/adjustbox.sty
Package: adjustbox 2020/08/19 v1.3 Adjusting TeX boxes (trim, clip, ...)
 (/usr/share/texlive/texmf-dist/tex/latex/xkeyval/xkeyval.sty
Package: xkeyval 2020/11/20 v2.8 package option processing (HA)
 (/usr/share/texlive/texmf-dist/tex/generic/xkeyval/xkeyval.tex (/usr/share/texlive/texmf-dist/tex/generic/xkeyval/xkvutils.tex
\XKV@toks=\toks45
\XKV@tempa@toks=\toks46
)
\XKV@depth=\count329
File: xkeyval.tex 2014/12/03 v2.7a key=value parser (HA)
)) (/usr/share/texlive/texmf-dist/tex/latex/adjustbox/adjcalc.sty
Package: adjcalc 2012/05/16 v1.1 Provides advanced setlength with multiple back-ends (calc, etex, pgfmath)
) (/usr/share/texlive/texmf-dist/tex/latex/adjustbox/trimclip.sty
Package: trimclip 2020/08/19 v1.2 Trim and clip general TeX material
 (/usr/share/texlive/texmf-dist/tex/latex/collectbox/collectbox.sty
Package: collectbox 2012/05/17 v0.4b Collect macro arguments as boxes
\collectedbox=\box75
)
\tc@llx=\dimen284
\tc@lly=\dimen285
\tc@urx=\dimen286
\tc@ury=\dimen287
Package trimclip Info: Using driver 'tc-pdftex.def'.
 (/usr/share/texlive/texmf-dist/tex/latex/adjustbox/tc-pdftex.def
File: tc-pdftex.def 2019/01/04 v2.2 Clipping driver for pdftex
))
\adjbox@Width=\dimen288
\adjbox@Height=\dimen289
\adjbox@Depth=\dimen290
\adjbox@Totalheight=\dimen291
\adjbox@pwidth=\dimen292
\adjbox@pheight=\dimen293
\adjbox@pdepth=\dimen294
\adjbox@ptotalheight=\dimen295
 (/usr/share/texlive/texmf-dist/tex/latex/ifoddpage/ifoddpage.sty
Package: ifoddpage 2016/04/23 v1.1 Conditionals for odd/even page detection
\c@checkoddpage=\count330
) (/usr/share/texlive/texmf-dist/tex/latex/varwidth/varwidth.sty
Package: varwidth 2009/03/30 ver 0.92;  Variable-width minipages
\@vwid@box=\box76
\sift@deathcycles=\count331
\@vwid@loff=\dimen296
\@vwid@roff=\dimen297
)) (/usr/share/texlive/texmf-dist/tex/latex/textpos/textpos.sty
Package: textpos 2020/09/26 v1.10

Package: textpos 2020/09/26 1.10, absolute positioning of text on the page
Package textpos Info: choosing support for LaTeX3 on input line 61.
\TP@textbox=\box77
\TP@holdbox=\box78
\TPHorizModule=\dimen298
\TPVertModule=\dimen299
\TP@margin=\dimen300
\TP@absmargin=\dimen301
Grid set 16 x 16 = 22.7622pt x 17.07166pt
\TPboxrulesize=\dimen302
\TP@ox=\dimen303
\TP@oy=\dimen304
\TP@tbargs=\toks47
TextBlockOrigin set to 0pt x 0pt
) (/usr/share/texlive/texmf-dist/tex/latex/mathtools/mathtools.sty
Package: mathtools 2021/02/02 v1.28 mathematical typesetting tools
 (/usr/share/texlive/texmf-dist/tex/latex/tools/calc.sty
Package: calc 2017/05/25 v4.3 Infix arithmetic (KKT,FJ)
\calc@Acount=\count332
\calc@Bcount=\count333
\calc@Adimen=\dimen305
\calc@Bdimen=\dimen306
\calc@Askip=\skip64
\calc@Bskip=\skip65
LaTeX Info: Redefining \setlength on input line 80.
LaTeX Info: Redefining \addtolength on input line 81.
\calc@Ccount=\count334
\calc@Cskip=\skip66
) (/usr/share/texlive/texmf-dist/tex/latex/mathtools/mhsetup.sty
Package: mhsetup 2021/03/18 v1.4 programming setup (MH)
)
\g_MT_multlinerow_int=\count335
\l_MT_multwidth_dim=\dimen307
\origjot=\skip67
\l_MT_shortvdotswithinadjustabove_dim=\dimen308
\l_MT_shortvdotswithinadjustbelow_dim=\dimen309
\l_MT_above_intertext_sep=\dimen310
\l_MT_below_intertext_sep=\dimen311
\l_MT_above_shortintertext_sep=\dimen312
\l_MT_below_shortintertext_sep=\dimen313
\xmathstrut@box=\box79
\xmathstrut@dim=\dimen314
) (/usr/share/texlive/texmf-dist/tex/latex/listings/listings.sty
\lst@mode=\count336
\lst@gtempboxa=\box80
\lst@token=\toks48
\lst@length=\count337
\lst@currlwidth=\dimen315
\lst@column=\count338
\lst@pos=\count339
\lst@lostspace=\dimen316
\lst@width=\dimen317
\lst@newlines=\count340
\lst@lineno=\count341
\lst@maxwidth=\dimen318
 (/usr/share/texlive/texmf-dist/tex/latex/listings/lstmisc.sty
File: lstmisc.sty 2020/03/24 1.8d (Carsten Heinz)
\c@lstnumber=\count342
\lst@skipnumbers=\count343
\lst@framebox=\box81
) (/usr/share/texlive/texmf-dist/tex/latex/listings/listings.cfg
File: listings.cfg 2020/03/24 1.8d listings configuration
))
Package: listings 2020/03/24 1.8d (Carsten Heinz)
Package hyperref Info: Option `colorlinks' set `true' on input line 16.
 (/usr/share/texlive/texmf-dist/tex/latex/l3backend/l3backend-pdftex.def
File: l3backend-pdftex.def 2022-01-12 L3 backend support: PDF output (pdfTeX)
\l__color_backend_stack_int=\count344
\l__pdf_internal_box=\box82
) (./ScienceIncentives.aux)
\openout1 = `ScienceIncentives.aux'.

LaTeX Font Info:    Checking defaults for OML/cmm/m/it on input line 57.
LaTeX Font Info:    ... okay on input line 57.
LaTeX Font Info:    Checking defaults for OMS/cmsy/m/n on input line 57.
LaTeX Font Info:    ... okay on input line 57.
LaTeX Font Info:    Checking defaults for OT1/cmr/m/n on input line 57.
LaTeX Font Info:    ... okay on input line 57.
LaTeX Font Info:    Checking defaults for T1/cmr/m/n on input line 57.
LaTeX Font Info:    ... okay on input line 57.
LaTeX Font Info:    Checking defaults for TS1/cmr/m/n on input line 57.
LaTeX Font Info:    ... okay on input line 57.
LaTeX Font Info:    Checking defaults for OMX/cmex/m/n on input line 57.
LaTeX Font Info:    ... okay on input line 57.
LaTeX Font Info:    Checking defaults for U/cmr/m/n on input line 57.
LaTeX Font Info:    ... okay on input line 57.
LaTeX Font Info:    Checking defaults for PD1/pdf/m/n on input line 57.
LaTeX Font Info:    ... okay on input line 57.
LaTeX Font Info:    Checking defaults for PU/pdf/m/n on input line 57.
LaTeX Font Info:    ... okay on input line 57.

*geometry* driver: auto-detecting
*geometry* detected driver: pdftex
*geometry* verbose mode - [ preamble ] result:
* driver: pdftex
* paper: custom
* layout: <same size as paper>
* layoutoffset:(h,v)=(0.0pt,0.0pt)
* modes: includehead includefoot 
* h-part:(L,W,R)=(10.95003pt, 342.2953pt, 10.95003pt)
* v-part:(T,H,B)=(0.0pt, 273.14662pt, 0.0pt)
* \paperwidth=364.19536pt
* \paperheight=273.14662pt
* \textwidth=342.2953pt
* \textheight=244.6939pt
* \oddsidemargin=-61.31996pt
* \evensidemargin=-61.31996pt
* \topmargin=-72.26999pt
* \headheight=14.22636pt
* \headsep=0.0pt
* \topskip=11.0pt
* \footskip=14.22636pt
* \marginparwidth=4.0pt
* \marginparsep=10.0pt
* \columnsep=10.0pt
* \skip\footins=10.0pt plus 4.0pt minus 2.0pt
* \hoffset=0.0pt
* \voffset=0.0pt
* \mag=1000
* \@twocolumnfalse
* \@twosidefalse
* \@mparswitchfalse
* \@reversemarginfalse
* (1in=72.27pt=25.4mm, 1cm=28.453pt)

(/usr/share/texlive/texmf-dist/tex/context/base/mkii/supp-pdf.mkii
[Loading MPS to PDF converter (version 2006.09.02).]
\scratchcounter=\count345
\scratchdimen=\dimen319
\scratchbox=\box83
\nofMPsegments=\count346
\nofMParguments=\count347
\everyMPshowfont=\toks49
\MPscratchCnt=\count348
\MPscratchDim=\dimen320
\MPnumerator=\count349
\makeMPintoPDFobject=\count350
\everyMPtoPDFconversion=\toks50
) (/usr/share/texlive/texmf-dist/tex/latex/epstopdf-pkg/epstopdf-base.sty
Package: epstopdf-base 2020-01-24 v2.11 Base part for package epstopdf
Package epstopdf-base Info: Redefining graphics rule for `.eps' on input line 485.
 (/usr/share/texlive/texmf-dist/tex/latex/latexconfig/epstopdf-sys.cfg
File: epstopdf-sys.cfg 2010/07/13 v1.3 Configuration of (r)epstopdf for TeX Live
))
Package hyperref Info: Link coloring ON on input line 57.
 (/usr/share/texlive/texmf-dist/tex/latex/hyperref/nameref.sty
Package: nameref 2021-04-02 v2.47 Cross-referencing by name of section
 (/usr/share/texlive/texmf-dist/tex/latex/refcount/refcount.sty
Package: refcount 2019/12/15 v3.6 Data extraction from label references (HO)
) (/usr/share/texlive/texmf-dist/tex/generic/gettitlestring/gettitlestring.sty
Package: gettitlestring 2019/12/15 v1.6 Cleanup title references (HO)
)
\c@section@level=\count351
)
LaTeX Info: Redefining \ref on input line 57.
LaTeX Info: Redefining \pageref on input line 57.
LaTeX Info: Redefining \nameref on input line 57.
 (./ScienceIncentives.out) (./ScienceIncentives.out)
\@outlinefile=\write5
\openout5 = `ScienceIncentives.out'.

LaTeX Font Info:    Overwriting symbol font `operators' in version `normal'
(Font)                  OT1/cmr/m/n --> OT1/cmss/m/n on input line 57.
LaTeX Font Info:    Overwriting symbol font `operators' in version `bold'
(Font)                  OT1/cmr/bx/n --> OT1/cmss/b/n on input line 57.
\symnumbers=\mathgroup6
\sympureletters=\mathgroup7
LaTeX Font Info:    Overwriting math alphabet `\mathrm' in version `normal'
(Font)                  OT1/cmss/m/n --> OT1/cmr/m/n on input line 57.
LaTeX Font Info:    Redeclaring math alphabet \mathbf on input line 57.
LaTeX Font Info:    Overwriting math alphabet `\mathbf' in version `normal'
(Font)                  OT1/cmr/bx/n --> OT1/cmss/b/n on input line 57.
LaTeX Font Info:    Overwriting math alphabet `\mathbf' in version `bold'
(Font)                  OT1/cmr/bx/n --> OT1/cmss/b/n on input line 57.
LaTeX Font Info:    Redeclaring math alphabet \mathsf on input line 57.
LaTeX Font Info:    Overwriting math alphabet `\mathsf' in version `normal'
(Font)                  OT1/cmss/m/n --> OT1/cmss/m/n on input line 57.
LaTeX Font Info:    Overwriting math alphabet `\mathsf' in version `bold'
(Font)                  OT1/cmss/bx/n --> OT1/cmss/m/n on input line 57.
LaTeX Font Info:    Redeclaring math alphabet \mathit on input line 57.
LaTeX Font Info:    Overwriting math alphabet `\mathit' in version `normal'
(Font)                  OT1/cmr/m/it --> OT1/cmss/m/it on input line 57.
LaTeX Font Info:    Overwriting math alphabet `\mathit' in version `bold'
(Font)                  OT1/cmr/bx/it --> OT1/cmss/m/it on input line 57.
LaTeX Font Info:    Redeclaring math alphabet \mathtt on input line 57.
LaTeX Font Info:    Overwriting math alphabet `\mathtt' in version `normal'
(Font)                  OT1/cmtt/m/n --> OT1/cmtt/m/n on input line 57.
LaTeX Font Info:    Overwriting math alphabet `\mathtt' in version `bold'
(Font)                  OT1/cmtt/m/n --> OT1/cmtt/m/n on input line 57.
LaTeX Font Info:    Overwriting symbol font `numbers' in version `bold'
(Font)                  OT1/cmss/m/n --> OT1/cmss/b/n on input line 57.
LaTeX Font Info:    Overwriting symbol font `pureletters' in version `bold'
(Font)                  OT1/cmss/m/it --> OT1/cmss/b/it on input line 57.
LaTeX Font Info:    Overwriting math alphabet `\mathrm' in version `bold'
(Font)                  OT1/cmss/b/n --> OT1/cmr/b/n on input line 57.
LaTeX Font Info:    Overwriting math alphabet `\mathbf' in version `bold'
(Font)                  OT1/cmss/b/n --> OT1/cmss/b/n on input line 57.
LaTeX Font Info:    Overwriting math alphabet `\mathsf' in version `bold'
(Font)                  OT1/cmss/m/n --> OT1/cmss/b/n on input line 57.
LaTeX Font Info:    Overwriting math alphabet `\mathit' in version `bold'
(Font)                  OT1/cmss/m/it --> OT1/cmss/b/it on input line 57.
LaTeX Font Info:    Overwriting math alphabet `\mathtt' in version `bold'
(Font)                  OT1/cmtt/m/n --> OT1/cmtt/b/n on input line 57.
LaTeX Font Info:    Redeclaring symbol font `pureletters' on input line 57.
LaTeX Font Info:    Overwriting symbol font `pureletters' in version `normal'
(Font)                  OT1/cmss/m/it --> OT1/mathkerncmss/m/sl on input line 57.
LaTeX Font Info:    Overwriting symbol font `pureletters' in version `bold'
(Font)                  OT1/cmss/b/it --> OT1/mathkerncmss/m/sl on input line 57.
LaTeX Font Info:    Overwriting symbol font `pureletters' in version `bold'
(Font)                  OT1/mathkerncmss/m/sl --> OT1/mathkerncmss/bx/sl on input line 57.
 (/usr/share/texlive/texmf-dist/tex/latex/translator/translator-basic-dictionary-English.dict
Dictionary: translator-basic-dictionary, Language: English 
) (/usr/share/texlive/texmf-dist/tex/latex/translator/translator-bibliography-dictionary-English.dict
Dictionary: translator-bibliography-dictionary, Language: English 
) (/usr/share/texlive/texmf-dist/tex/latex/translator/translator-environment-dictionary-English.dict
Dictionary: translator-environment-dictionary, Language: English 
) (/usr/share/texlive/texmf-dist/tex/latex/translator/translator-months-dictionary-English.dict
Dictionary: translator-months-dictionary, Language: English 
) (/usr/share/texlive/texmf-dist/tex/latex/translator/translator-numbers-dictionary-English.dict
Dictionary: translator-numbers-dictionary, Language: English 
) (/usr/share/texlive/texmf-dist/tex/latex/translator/translator-theorem-dictionary-English.dict
Dictionary: translator-theorem-dictionary, Language: English 
)
\c@lstlisting=\count352
 (./ScienceIncentives.nav) [1

{/var/lib/texmf/fonts/map/pdftex/updmap/pdftex.map}] (./ScienceIncentives.toc) [2

] (./ScienceIncentives.toc) [3

]
<../images/Toot.png, id=160, 137.7948pt x 166.7028pt>
File: ../images/Toot.png Graphic file (type png)
<use ../images/Toot.png>
Package pdftex.def Info: ../images/Toot.png  used on input line 88.
(pdftex.def)             Requested size: 188.26346pt x 227.77858pt.
LaTeX Font Info:    Trying to load font information for U+msa on input line 88.
 (/usr/share/texlive/texmf-dist/tex/latex/amsfonts/umsa.fd
File: umsa.fd 2013/01/14 v3.01 AMS symbols A
)
LaTeX Font Info:    Trying to load font information for U+msb on input line 88.
 (/usr/share/texlive/texmf-dist/tex/latex/amsfonts/umsb.fd
File: umsb.fd 2013/01/14 v3.01 AMS symbols B
)
LaTeX Font Info:    Trying to load font information for OT1+mathkerncmss on input line 88.
 (/usr/share/texlive/texmf-dist/tex/latex/sansmathaccent/ot1mathkerncmss.fd
File: ot1mathkerncmss.fd 2020/01/31 Fontinst v1.933 font definitions for OT1/mathkerncmss.
) [4

 <../images/Toot.png>]
<../images/Toot_yyn.png, id=189, 137.7948pt x 166.7028pt>
File: ../images/Toot_yyn.png Graphic file (type png)
<use ../images/Toot_yyn.png>
Package pdftex.def Info: ../images/Toot_yyn.png  used on input line 108.
(pdftex.def)             Requested size: 188.26346pt x 227.77858pt.
 [5

 <../images/Toot_yyn.png>]
File: ../images/Toot_yyn.png Graphic file (type png)
<use ../images/Toot_yyn.png>
Package pdftex.def Info: ../images/Toot_yyn.png  used on input line 108.
(pdftex.def)             Requested size: 188.26346pt x 227.77858pt.
 [6

]
File: ../images/Toot_yyn.png Graphic file (type png)
<use ../images/Toot_yyn.png>
Package pdftex.def Info: ../images/Toot_yyn.png  used on input line 108.
(pdftex.def)             Requested size: 188.26346pt x 227.77858pt.
 [7

]
File: ../images/Toot_yyn.png Graphic file (type png)
<use ../images/Toot_yyn.png>
Package pdftex.def Info: ../images/Toot_yyn.png  used on input line 108.
(pdftex.def)             Requested size: 188.26346pt x 227.77858pt.
 [8

]
<../images/Toot_2ndpar.png, id=300, 137.7948pt x 166.7028pt>
File: ../images/Toot_2ndpar.png Graphic file (type png)
<use ../images/Toot_2ndpar.png>
Package pdftex.def Info: ../images/Toot_2ndpar.png  used on input line 121.
(pdftex.def)             Requested size: 188.26346pt x 227.77858pt.
 [9

 <../images/Toot_2ndpar.png>]
File: ../images/Toot_2ndpar.png Graphic file (type png)
<use ../images/Toot_2ndpar.png>
Package pdftex.def Info: ../images/Toot_2ndpar.png  used on input line 121.
(pdftex.def)             Requested size: 188.26346pt x 227.77858pt.
<../images/Incentives.png, id=329, 117.8001pt x 58.0569pt>
File: ../images/Incentives.png Graphic file (type png)
<use ../images/Incentives.png>
Package pdftex.def Info: ../images/Incentives.png  used on input line 121.
(pdftex.def)             Requested size: 154.03183pt x 75.9151pt.
 [10

 <../images/Incentives.png>]
<../images/Toot_3rdpar.png, id=356, 137.7948pt x 166.7028pt>
File: ../images/Toot_3rdpar.png Graphic file (type png)
<use ../images/Toot_3rdpar.png>
Package pdftex.def Info: ../images/Toot_3rdpar.png  used on input line 137.
(pdftex.def)             Requested size: 188.26346pt x 227.77858pt.
 [11

 <../images/Toot_3rdpar.png>]
File: ../images/Toot_3rdpar.png Graphic file (type png)
<use ../images/Toot_3rdpar.png>
Package pdftex.def Info: ../images/Toot_3rdpar.png  used on input line 137.
(pdftex.def)             Requested size: 188.26346pt x 227.77858pt.
<../images/moststudiesfalse.png, id=385, 163.812pt x 37.3395pt>
File: ../images/moststudiesfalse.png Graphic file (type png)
<use ../images/moststudiesfalse.png>
Package pdftex.def Info: ../images/moststudiesfalse.png  used on input line 137.
(pdftex.def)             Requested size: 154.03183pt x 35.11278pt.
 [12

 <../images/moststudiesfalse.png>]
File: ../images/Toot_3rdpar.png Graphic file (type png)
<use ../images/Toot_3rdpar.png>
Package pdftex.def Info: ../images/Toot_3rdpar.png  used on input line 137.
(pdftex.def)             Requested size: 188.26346pt x 227.77858pt.
File: ../images/moststudiesfalse.png Graphic file (type png)
<use ../images/moststudiesfalse.png>
Package pdftex.def Info: ../images/moststudiesfalse.png  used on input line 137.
(pdftex.def)             Requested size: 154.03183pt x 35.11278pt.
<../images/ProfitMargins.png, id=413, 172.7253pt x 119.4864pt>
File: ../images/ProfitMargins.png Graphic file (type png)
<use ../images/ProfitMargins.png>
Package pdftex.def Info: ../images/ProfitMargins.png  used on input line 137.
(pdftex.def)             Requested size: 154.03183pt x 106.5577pt.
 [13

 <../images/ProfitMargins.png>]
File: ../images/Toot_3rdpar.png Graphic file (type png)
<use ../images/Toot_3rdpar.png>
Package pdftex.def Info: ../images/Toot_3rdpar.png  used on input line 137.
(pdftex.def)             Requested size: 188.26346pt x 227.77858pt.
File: ../images/moststudiesfalse.png Graphic file (type png)
<use ../images/moststudiesfalse.png>
Package pdftex.def Info: ../images/moststudiesfalse.png  used on input line 137.
(pdftex.def)             Requested size: 154.03183pt x 35.11278pt.
File: ../images/ProfitMargins.png Graphic file (type png)
<use ../images/ProfitMargins.png>
Package pdftex.def Info: ../images/ProfitMargins.png  used on input line 137.
(pdftex.def)             Requested size: 154.03183pt x 106.5577pt.
<../images/sciencefunding.png, id=441, 200.6697pt x 61.9113pt>
File: ../images/sciencefunding.png Graphic file (type png)
<use ../images/sciencefunding.png>
Package pdftex.def Info: ../images/sciencefunding.png  used on input line 137.
(pdftex.def)             Requested size: 154.03183pt x 47.5254pt.
 [14

 <../images/sciencefunding.png>] (./ScienceIncentives.toc) [15

]
File: ../images/Incentives.png Graphic file (type png)
<use ../images/Incentives.png>
Package pdftex.def Info: ../images/Incentives.png  used on input line 173.
(pdftex.def)             Requested size: 190.0pt x 93.64236pt.
LaTeX Font Info:    Font shape `OT1/cmss/b/n' in size <10.95> not available
(Font)              Font shape `OT1/cmss/bx/n' tried instead on input line 173.
LaTeX Font Info:    Font shape `OT1/cmss/b/n' in size <8> not available
(Font)              Font shape `OT1/cmss/bx/n' tried instead on input line 173.
LaTeX Font Info:    Font shape `OT1/cmss/b/n' in size <6> not available
(Font)              Font shape `OT1/cmss/bx/n' tried instead on input line 173.
 [16

]
File: ../images/Incentives.png Graphic file (type png)
<use ../images/Incentives.png>
Package pdftex.def Info: ../images/Incentives.png  used on input line 173.
(pdftex.def)             Requested size: 190.0pt x 93.64236pt.
 [17

]
File: ../images/Incentives.png Graphic file (type png)
<use ../images/Incentives.png>
Package pdftex.def Info: ../images/Incentives.png  used on input line 173.
(pdftex.def)             Requested size: 190.0pt x 93.64236pt.
 [18

]
File: ../images/Incentives.png Graphic file (type png)
<use ../images/Incentives.png>
Package pdftex.def Info: ../images/Incentives.png  used on input line 173.
(pdftex.def)             Requested size: 190.0pt x 93.64236pt.
 [19

]
File: ../images/Incentives.png Graphic file (type png)
<use ../images/Incentives.png>
Package pdftex.def Info: ../images/Incentives.png  used on input line 173.
(pdftex.def)             Requested size: 190.0pt x 93.64236pt.
 [20

]
File: ../images/Incentives.png Graphic file (type png)
<use ../images/Incentives.png>
Package pdftex.def Info: ../images/Incentives.png  used on input line 173.
(pdftex.def)             Requested size: 190.0pt x 93.64236pt.
 [21

]
<../images/power.png, id=663, 1636.1125pt x 680.5425pt>
File: ../images/power.png Graphic file (type png)
<use ../images/power.png>
Package pdftex.def Info: ../images/power.png  used on input line 182.
(pdftex.def)             Requested size: 342.2953pt x 142.37816pt.
 [22

 <../images/power.png>]
File: ../images/power.png Graphic file (type png)
<use ../images/power.png>
Package pdftex.def Info: ../images/power.png  used on input line 182.
(pdftex.def)             Requested size: 342.2953pt x 142.37816pt.
 [23

]
File: ../images/power.png Graphic file (type png)
<use ../images/power.png>
Package pdftex.def Info: ../images/power.png  used on input line 182.
(pdftex.def)             Requested size: 342.2953pt x 142.37816pt.
 [24

]
<../images/bidding.jpg, id=758, 481.8pt x 323.0469pt>
File: ../images/bidding.jpg Graphic file (type jpg)
<use ../images/bidding.jpg>
Package pdftex.def Info: ../images/bidding.jpg  used on input line 199.
(pdftex.def)             Requested size: 154.03183pt x 103.27853pt.
 [25

 <../images/bidding.jpg>]
File: ../images/bidding.jpg Graphic file (type jpg)
<use ../images/bidding.jpg>
Package pdftex.def Info: ../images/bidding.jpg  used on input line 199.
(pdftex.def)             Requested size: 154.03183pt x 103.27853pt.
 [26

]
<../images/file-drawer.jpg, id=869, 451.6875pt x 602.25pt>
File: ../images/file-drawer.jpg Graphic file (type jpg)
<use ../images/file-drawer.jpg>
Package pdftex.def Info: ../images/file-drawer.jpg  used on input line 217.
(pdftex.def)             Requested size: 154.03183pt x 205.37799pt.
 [27

 <../images/file-drawer.jpg>]
File: ../images/file-drawer.jpg Graphic file (type jpg)
<use ../images/file-drawer.jpg>
Package pdftex.def Info: ../images/file-drawer.jpg  used on input line 217.
(pdftex.def)             Requested size: 154.03183pt x 205.37799pt.
 [28

] [29

] [30

] [31

] [32

] [33

]
<../images/natural-selection.jpg, id=1073, 948.54375pt x 301.125pt>
File: ../images/natural-selection.jpg Graphic file (type jpg)
<use ../images/natural-selection.jpg>
Package pdftex.def Info: ../images/natural-selection.jpg  used on input line 247.
(pdftex.def)             Requested size: 342.2953pt x 108.66222pt.
 [34

 <../images/natural-selection.jpg>]
File: ../images/natural-selection.jpg Graphic file (type jpg)
<use ../images/natural-selection.jpg>
Package pdftex.def Info: ../images/natural-selection.jpg  used on input line 247.
(pdftex.def)             Requested size: 342.2953pt x 108.66222pt.
 [35

] [36

]
<../images/Netherlands_FalsifyData.png, id=1154, 190.5519pt x 71.0655pt>
File: ../images/Netherlands_FalsifyData.png Graphic file (type png)
<use ../images/Netherlands_FalsifyData.png>
Package pdftex.def Info: ../images/Netherlands_FalsifyData.png  used on input line 272.
(pdftex.def)             Requested size: 150.0pt x 55.94267pt.
 [37

 <../images/Netherlands_FalsifyData.png>]
File: ../images/Netherlands_FalsifyData.png Graphic file (type png)
<use ../images/Netherlands_FalsifyData.png>
Package pdftex.def Info: ../images/Netherlands_FalsifyData.png  used on input line 272.
(pdftex.def)             Requested size: 150.0pt x 55.94267pt.
<../images/HarvardProfFalsifyData.png, id=1184, 164.2938pt x 83.5923pt>
File: ../images/HarvardProfFalsifyData.png Graphic file (type png)
<use ../images/HarvardProfFalsifyData.png>
Package pdftex.def Info: ../images/HarvardProfFalsifyData.png  used on input line 272.
(pdftex.def)             Requested size: 150.0pt x 76.32419pt.
 [38

 <../images/HarvardProfFalsifyData.png>]
File: ../images/Netherlands_FalsifyData.png Graphic file (type png)
<use ../images/Netherlands_FalsifyData.png>
Package pdftex.def Info: ../images/Netherlands_FalsifyData.png  used on input line 272.
(pdftex.def)             Requested size: 150.0pt x 55.94267pt.
File: ../images/HarvardProfFalsifyData.png Graphic file (type png)
<use ../images/HarvardProfFalsifyData.png>
Package pdftex.def Info: ../images/HarvardProfFalsifyData.png  used on input line 272.
(pdftex.def)             Requested size: 150.0pt x 76.32419pt.
<../images/DukeProfessorFalsifyData.png, id=1212, 163.3302pt x 117.3183pt>
File: ../images/DukeProfessorFalsifyData.png Graphic file (type png)
<use ../images/DukeProfessorFalsifyData.png>
Package pdftex.def Info: ../images/DukeProfessorFalsifyData.png  used on input line 272.
(pdftex.def)             Requested size: 150.0pt x 107.74438pt.
 [39

 <../images/DukeProfessorFalsifyData.png>]
File: ../images/Netherlands_FalsifyData.png Graphic file (type png)
<use ../images/Netherlands_FalsifyData.png>
Package pdftex.def Info: ../images/Netherlands_FalsifyData.png  used on input line 272.
(pdftex.def)             Requested size: 150.0pt x 55.94267pt.
File: ../images/HarvardProfFalsifyData.png Graphic file (type png)
<use ../images/HarvardProfFalsifyData.png>
Package pdftex.def Info: ../images/HarvardProfFalsifyData.png  used on input line 272.
(pdftex.def)             Requested size: 150.0pt x 76.32419pt.
File: ../images/DukeProfessorFalsifyData.png Graphic file (type png)
<use ../images/DukeProfessorFalsifyData.png>
Package pdftex.def Info: ../images/DukeProfessorFalsifyData.png  used on input line 272.
(pdftex.def)             Requested size: 150.0pt x 107.74438pt.
<../images/StanfordPresident.png, id=1239, 183.5658pt x 58.7796pt>
File: ../images/StanfordPresident.png Graphic file (type png)
<use ../images/StanfordPresident.png>
Package pdftex.def Info: ../images/StanfordPresident.png  used on input line 272.
(pdftex.def)             Requested size: 190.0pt x 60.84052pt.
 [40

 <../images/StanfordPresident.png>] [41

]
<../images/25percentClinicalTrialsFalse.png, id=1295, 151.0443pt x 147.1899pt>
File: ../images/25percentClinicalTrialsFalse.png Graphic file (type png)
<use ../images/25percentClinicalTrialsFalse.png>
Package pdftex.def Info: ../images/25percentClinicalTrialsFalse.png  used on input line 301.
(pdftex.def)             Requested size: 120.0pt x 116.94128pt.
 [42

 <../images/25percentClinicalTrialsFalse.png>]
File: ../images/25percentClinicalTrialsFalse.png Graphic file (type png)
<use ../images/25percentClinicalTrialsFalse.png>
Package pdftex.def Info: ../images/25percentClinicalTrialsFalse.png  used on input line 301.
(pdftex.def)             Requested size: 120.0pt x 116.94128pt.
File: ../images/moststudiesfalse.png Graphic file (type png)
<use ../images/moststudiesfalse.png>
Package pdftex.def Info: ../images/moststudiesfalse.png  used on input line 301.
(pdftex.def)             Requested size: 200.0pt x 45.59227pt.
 [43

]
File: ../images/25percentClinicalTrialsFalse.png Graphic file (type png)
<use ../images/25percentClinicalTrialsFalse.png>
Package pdftex.def Info: ../images/25percentClinicalTrialsFalse.png  used on input line 301.
(pdftex.def)             Requested size: 120.0pt x 116.94128pt.
File: ../images/moststudiesfalse.png Graphic file (type png)
<use ../images/moststudiesfalse.png>
Package pdftex.def Info: ../images/moststudiesfalse.png  used on input line 301.
(pdftex.def)             Requested size: 200.0pt x 45.59227pt.
 [44

]
File: ../images/25percentClinicalTrialsFalse.png Graphic file (type png)
<use ../images/25percentClinicalTrialsFalse.png>
Package pdftex.def Info: ../images/25percentClinicalTrialsFalse.png  used on input line 301.
(pdftex.def)             Requested size: 120.0pt x 116.94128pt.
File: ../images/moststudiesfalse.png Graphic file (type png)
<use ../images/moststudiesfalse.png>
Package pdftex.def Info: ../images/moststudiesfalse.png  used on input line 301.
(pdftex.def)             Requested size: 200.0pt x 45.59227pt.
 [45

]
File: ../images/25percentClinicalTrialsFalse.png Graphic file (type png)
<use ../images/25percentClinicalTrialsFalse.png>
Package pdftex.def Info: ../images/25percentClinicalTrialsFalse.png  used on input line 301.
(pdftex.def)             Requested size: 120.0pt x 116.94128pt.
File: ../images/moststudiesfalse.png Graphic file (type png)
<use ../images/moststudiesfalse.png>
Package pdftex.def Info: ../images/moststudiesfalse.png  used on input line 301.
(pdftex.def)             Requested size: 200.0pt x 45.59227pt.
<../images/reproducible_neuroimaging.png, id=1402, 183.3249pt x 86.724pt>
File: ../images/reproducible_neuroimaging.png Graphic file (type png)
<use ../images/reproducible_neuroimaging.png>
Package pdftex.def Info: ../images/reproducible_neuroimaging.png  used on input line 301.
(pdftex.def)             Requested size: 300.0pt x 141.92653pt.
 [46

 <../images/reproducible_neuroimaging.png>] [47

] [48

] [49

] [50

] [51

] [52

] [53

]
<../images/everything.png, id=1656, 238.2501pt x 79.2561pt>
File: ../images/everything.png Graphic file (type png)
<use ../images/everything.png>
Package pdftex.def Info: ../images/everything.png  used on input line 344.
(pdftex.def)             Requested size: 239.60567pt x 79.71182pt.
 [54

 <../images/everything.png>]
File: ../images/everything.png Graphic file (type png)
<use ../images/everything.png>
Package pdftex.def Info: ../images/everything.png  used on input line 344.
(pdftex.def)             Requested size: 239.60567pt x 79.71182pt.
 [55

] (./ScienceIncentives.toc) [56

] [57

] [58

] [59

] [60

] [61

] [62

] [63

]
LaTeX Font Info:    Trying to load font information for TS1+cmss on input line 380.
 (/usr/share/texlive/texmf-dist/tex/latex/base/ts1cmss.fd
File: ts1cmss.fd 2019/12/16 v2.5j Standard LaTeX font definitions
) [64

] [65

] [66

] [67

]
<../images/openaccesstimeline.png, id=2039, 323.0469pt x 112.5003pt>
File: ../images/openaccesstimeline.png Graphic file (type png)
<use ../images/openaccesstimeline.png>
Package pdftex.def Info: ../images/openaccesstimeline.png  used on input line 405.
(pdftex.def)             Requested size: 273.83728pt x 95.36649pt.
 [68

 <../images/openaccesstimeline.png>]
File: ../images/openaccesstimeline.png Graphic file (type png)
<use ../images/openaccesstimeline.png>
Package pdftex.def Info: ../images/openaccesstimeline.png  used on input line 405.
(pdftex.def)             Requested size: 273.83728pt x 95.36649pt.
 [69

]
File: ../images/openaccesstimeline.png Graphic file (type png)
<use ../images/openaccesstimeline.png>
Package pdftex.def Info: ../images/openaccesstimeline.png  used on input line 405.
(pdftex.def)             Requested size: 273.83728pt x 95.36649pt.
 [70

]
File: ../images/openaccesstimeline.png Graphic file (type png)
<use ../images/openaccesstimeline.png>
Package pdftex.def Info: ../images/openaccesstimeline.png  used on input line 405.
(pdftex.def)             Requested size: 273.83728pt x 95.36649pt.
 [71

]
File: ../images/openaccesstimeline.png Graphic file (type png)
<use ../images/openaccesstimeline.png>
Package pdftex.def Info: ../images/openaccesstimeline.png  used on input line 405.
(pdftex.def)             Requested size: 273.83728pt x 95.36649pt.
 [72

] [73

]
<../images/NeuroImage_Resign.png, id=2203, 173.9298pt x 109.3686pt>
File: ../images/NeuroImage_Resign.png Graphic file (type png)
<use ../images/NeuroImage_Resign.png>
Package pdftex.def Info: ../images/NeuroImage_Resign.png  used on input line 424.
(pdftex.def)             Requested size: 209.99908pt x 132.05435pt.
 [74

 <../images/NeuroImage_Resign.png>]
File: ../images/NeuroImage_Resign.png Graphic file (type png)
<use ../images/NeuroImage_Resign.png>
Package pdftex.def Info: ../images/NeuroImage_Resign.png  used on input line 424.
(pdftex.def)             Requested size: 209.99908pt x 132.05435pt.
<../images/scihub.png, id=2230, 200.1879pt x 141.8901pt>
File: ../images/scihub.png Graphic file (type png)
<use ../images/scihub.png>
Package pdftex.def Info: ../images/scihub.png  used on input line 424.
(pdftex.def)             Requested size: 209.99908pt x 148.85475pt.
 [75

 <../images/scihub.png>] [76

] [77

] [78

] [79

] [80

] [81

] (./ScienceIncentives.toc) [82

] [83

] [84

] [85

] [86

] [87

] [88

] [89

]
<../images/grantsCanada.png, id=2673, 361.35pt x 151.0443pt>
File: ../images/grantsCanada.png Graphic file (type png)
<use ../images/grantsCanada.png>
Package pdftex.def Info: ../images/grantsCanada.png  used on input line 483.
(pdftex.def)             Requested size: 342.2953pt x 143.08101pt.
 [90

 <../images/grantsCanada.png>]
<../images/fundinggdpcountries.png, id=2702, 181.8795pt x 151.0443pt>
File: ../images/fundinggdpcountries.png Graphic file (type png)
<use ../images/fundinggdpcountries.png>
Package pdftex.def Info: ../images/fundinggdpcountries.png  used on input line 494.
(pdftex.def)             Requested size: 239.60567pt x 198.98726pt.
 [91

 <../images/fundinggdpcountries.png>] [92

] [93

] [94

] (./ScienceIncentives.toc) [95

]
<../images/gradfundpovertyline.png, id=2843, 1541.76pt x 893.58844pt>
File: ../images/gradfundpovertyline.png Graphic file (type png)
<use ../images/gradfundpovertyline.png>
Package pdftex.def Info: ../images/gradfundpovertyline.png  used on input line 520.
(pdftex.def)             Requested size: 342.2953pt x 198.3899pt.
 [96

 <../images/gradfundpovertyline.png>]
<../images/gradmoneyafterrent.jpeg, id=2871, 191.9973pt x 191.2746pt>
File: ../images/gradmoneyafterrent.jpeg Graphic file (type jpg)
<use ../images/gradmoneyafterrent.jpeg>
Package pdftex.def Info: ../images/gradmoneyafterrent.jpeg  used on input line 533.
(pdftex.def)             Requested size: 222.48985pt x 221.6656pt.
 [97

 <../images/gradmoneyafterrent.jpeg>]
<../images/gradfundingtime.png, id=2900, 1204.5pt x 946.53625pt>
File: ../images/gradfundingtime.png Graphic file (type png)
<use ../images/gradfundingtime.png>
Package pdftex.def Info: ../images/gradfundingtime.png  used on input line 543.
(pdftex.def)             Requested size: 222.48985pt x 174.83205pt.
 [98

 <../images/gradfundingtime.png>]
<../images/gradnumberscholarships.jpeg, id=2928, 161.8848pt x 229.8186pt>
File: ../images/gradnumberscholarships.jpeg Graphic file (type jpg)
<use ../images/gradnumberscholarships.jpeg>
Package pdftex.def Info: ../images/gradnumberscholarships.jpeg  used on input line 553.
(pdftex.def)             Requested size: 154.03183pt x 218.6806pt.
 [99

 <../images/gradnumberscholarships.jpeg>]
<../images/pyramidscheme.png, id=2955, 602.25pt x 398.48875pt>
File: ../images/pyramidscheme.png Graphic file (type png)
<use ../images/pyramidscheme.png>
Package pdftex.def Info: ../images/pyramidscheme.png  used on input line 565.
(pdftex.def)             Requested size: 239.60567pt x 158.54141pt.
 [100

 <../images/pyramidscheme.png>] [101

] [102

] [103

] [104

] [105

] [106

] [107

] [108

] [109

] [110

] [111

] [112

] (./ScienceIncentives.toc) [113

]
<../images/The_Scientific_Method.png, id=3352, 1027.84pt x 976.64874pt>
File: ../images/The_Scientific_Method.png Graphic file (type png)
<use ../images/The_Scientific_Method.png>
Package pdftex.def Info: ../images/The_Scientific_Method.png  used on input line 630.
(pdftex.def)             Requested size: 150.0pt x 142.52693pt.
 [114

 <../images/The_Scientific_Method.png>]
File: ../images/The_Scientific_Method.png Graphic file (type png)
<use ../images/The_Scientific_Method.png>
Package pdftex.def Info: ../images/The_Scientific_Method.png  used on input line 630.
(pdftex.def)             Requested size: 150.0pt x 142.52693pt.
<../images/scienceprogress.png, id=3381, 165.2574pt x 97.3236pt>
File: ../images/scienceprogress.png Graphic file (type png)
<use ../images/scienceprogress.png>
Package pdftex.def Info: ../images/scienceprogress.png  used on input line 630.
(pdftex.def)             Requested size: 150.0pt x 88.34183pt.
 [115

 <../images/scienceprogress.png>]
File: ../images/The_Scientific_Method.png Graphic file (type png)
<use ../images/The_Scientific_Method.png>
Package pdftex.def Info: ../images/The_Scientific_Method.png  used on input line 630.
(pdftex.def)             Requested size: 150.0pt x 142.52693pt.
File: ../images/scienceprogress.png Graphic file (type png)
<use ../images/scienceprogress.png>
Package pdftex.def Info: ../images/scienceprogress.png  used on input line 630.
(pdftex.def)             Requested size: 150.0pt x 88.34183pt.
 [116

] [117

]
<../images/comte.jpg, id=3463, 1255.69125pt x 1606.0pt>
File: ../images/comte.jpg Graphic file (type jpg)
<use ../images/comte.jpg>
Package pdftex.def Info: ../images/comte.jpg  used on input line 654.
(pdftex.def)             Requested size: 50.0pt x 63.93498pt.
 [118

 <../images/comte.jpg>]
File: ../images/comte.jpg Graphic file (type jpg)
<use ../images/comte.jpg>
Package pdftex.def Info: ../images/comte.jpg  used on input line 654.
(pdftex.def)             Requested size: 50.0pt x 63.93498pt.
 [119

]
File: ../images/comte.jpg Graphic file (type jpg)
<use ../images/comte.jpg>
Package pdftex.def Info: ../images/comte.jpg  used on input line 654.
(pdftex.def)             Requested size: 50.0pt x 63.93498pt.
 [120

]
File: ../images/comte.jpg Graphic file (type jpg)
<use ../images/comte.jpg>
Package pdftex.def Info: ../images/comte.jpg  used on input line 654.
(pdftex.def)             Requested size: 50.0pt x 63.93498pt.
 [121

]
File: ../images/comte.jpg Graphic file (type jpg)
<use ../images/comte.jpg>
Package pdftex.def Info: ../images/comte.jpg  used on input line 654.
(pdftex.def)             Requested size: 50.0pt x 63.93498pt.
 [122

]
File: ../images/comte.jpg Graphic file (type jpg)
<use ../images/comte.jpg>
Package pdftex.def Info: ../images/comte.jpg  used on input line 654.
(pdftex.def)             Requested size: 50.0pt x 63.93498pt.
 [123

]
File: ../images/comte.jpg Graphic file (type jpg)
<use ../images/comte.jpg>
Package pdftex.def Info: ../images/comte.jpg  used on input line 654.
(pdftex.def)             Requested size: 50.0pt x 63.93498pt.
 [124

]
<../images/Karl_Popper.jpg, id=3647, 602.25pt x 771.88374pt>
File: ../images/Karl_Popper.jpg Graphic file (type jpg)
<use ../images/Karl_Popper.jpg>
Package pdftex.def Info: ../images/Karl_Popper.jpg  used on input line 676.
(pdftex.def)             Requested size: 50.0pt x 64.07222pt.
 [125

 <../images/Karl_Popper.jpg>]
File: ../images/Karl_Popper.jpg Graphic file (type jpg)
<use ../images/Karl_Popper.jpg>
Package pdftex.def Info: ../images/Karl_Popper.jpg  used on input line 676.
(pdftex.def)             Requested size: 50.0pt x 64.07222pt.
 [126

]
File: ../images/Karl_Popper.jpg Graphic file (type jpg)
<use ../images/Karl_Popper.jpg>
Package pdftex.def Info: ../images/Karl_Popper.jpg  used on input line 676.
(pdftex.def)             Requested size: 50.0pt x 64.07222pt.
 [127

]
File: ../images/Karl_Popper.jpg Graphic file (type jpg)
<use ../images/Karl_Popper.jpg>
Package pdftex.def Info: ../images/Karl_Popper.jpg  used on input line 676.
(pdftex.def)             Requested size: 50.0pt x 64.07222pt.
 [128

]
File: ../images/Karl_Popper.jpg Graphic file (type jpg)
<use ../images/Karl_Popper.jpg>
Package pdftex.def Info: ../images/Karl_Popper.jpg  used on input line 676.
(pdftex.def)             Requested size: 50.0pt x 64.07222pt.
 [129

]
File: ../images/Karl_Popper.jpg Graphic file (type jpg)
<use ../images/Karl_Popper.jpg>
Package pdftex.def Info: ../images/Karl_Popper.jpg  used on input line 676.
(pdftex.def)             Requested size: 50.0pt x 64.07222pt.
 [130

]
File: ../images/Karl_Popper.jpg Graphic file (type jpg)
<use ../images/Karl_Popper.jpg>
Package pdftex.def Info: ../images/Karl_Popper.jpg  used on input line 676.
(pdftex.def)             Requested size: 50.0pt x 64.07222pt.
 [131

]
File: ../images/Karl_Popper.jpg Graphic file (type jpg)
<use ../images/Karl_Popper.jpg>
Package pdftex.def Info: ../images/Karl_Popper.jpg  used on input line 676.
(pdftex.def)             Requested size: 50.0pt x 64.07222pt.
 [132

]
<../images/Thomas_Kuhn.jpg, id=3859, 233.87375pt x 287.0725pt>
File: ../images/Thomas_Kuhn.jpg Graphic file (type jpg)
<use ../images/Thomas_Kuhn.jpg>
Package pdftex.def Info: ../images/Thomas_Kuhn.jpg  used on input line 690.
(pdftex.def)             Requested size: 50.0pt x 61.37332pt.
 [133

 <../images/Thomas_Kuhn.jpg>]
File: ../images/Thomas_Kuhn.jpg Graphic file (type jpg)
<use ../images/Thomas_Kuhn.jpg>
Package pdftex.def Info: ../images/Thomas_Kuhn.jpg  used on input line 690.
(pdftex.def)             Requested size: 50.0pt x 61.37332pt.
 [134

]
File: ../images/Thomas_Kuhn.jpg Graphic file (type jpg)
<use ../images/Thomas_Kuhn.jpg>
Package pdftex.def Info: ../images/Thomas_Kuhn.jpg  used on input line 690.
(pdftex.def)             Requested size: 50.0pt x 61.37332pt.
 [135

]
File: ../images/Thomas_Kuhn.jpg Graphic file (type jpg)
<use ../images/Thomas_Kuhn.jpg>
Package pdftex.def Info: ../images/Thomas_Kuhn.jpg  used on input line 690.
(pdftex.def)             Requested size: 50.0pt x 61.37332pt.
 [136

]
File: ../images/Thomas_Kuhn.jpg Graphic file (type jpg)
<use ../images/Thomas_Kuhn.jpg>
Package pdftex.def Info: ../images/Thomas_Kuhn.jpg  used on input line 690.
(pdftex.def)             Requested size: 50.0pt x 61.37332pt.
 [137

]
<../images/popper-kuhn1.png, id=3992, 616.704pt x 200.4288pt>
File: ../images/popper-kuhn1.png Graphic file (type png)
<use ../images/popper-kuhn1.png>
Package pdftex.def Info: ../images/popper-kuhn1.png  used on input line 696.
(pdftex.def)             Requested size: 342.2953pt x 111.24846pt.
 [138

 <../images/popper-kuhn1.png>]
<../images/lakatos.jpg, id=4020, 602.25pt x 886.31125pt>
File: ../images/lakatos.jpg Graphic file (type jpg)
<use ../images/lakatos.jpg>
Package pdftex.def Info: ../images/lakatos.jpg  used on input line 711.
(pdftex.def)             Requested size: 50.0pt x 73.57057pt.
 [139

 <../images/lakatos.jpg>]
File: ../images/lakatos.jpg Graphic file (type jpg)
<use ../images/lakatos.jpg>
Package pdftex.def Info: ../images/lakatos.jpg  used on input line 711.
(pdftex.def)             Requested size: 50.0pt x 73.57057pt.
 [140

]
File: ../images/lakatos.jpg Graphic file (type jpg)
<use ../images/lakatos.jpg>
Package pdftex.def Info: ../images/lakatos.jpg  used on input line 711.
(pdftex.def)             Requested size: 50.0pt x 73.57057pt.
 [141

]
File: ../images/lakatos.jpg Graphic file (type jpg)
<use ../images/lakatos.jpg>
Package pdftex.def Info: ../images/lakatos.jpg  used on input line 711.
(pdftex.def)             Requested size: 50.0pt x 73.57057pt.
 [142

]
File: ../images/lakatos.jpg Graphic file (type jpg)
<use ../images/lakatos.jpg>
Package pdftex.def Info: ../images/lakatos.jpg  used on input line 711.
(pdftex.def)             Requested size: 50.0pt x 73.57057pt.
 [143

]
File: ../images/lakatos.jpg Graphic file (type jpg)
<use ../images/lakatos.jpg>
Package pdftex.def Info: ../images/lakatos.jpg  used on input line 711.
(pdftex.def)             Requested size: 50.0pt x 73.57057pt.
 [144

]
<../images/lakatosmodel.jpg, id=4180, 552.0625pt x 406.51875pt>
File: ../images/lakatosmodel.jpg Graphic file (type jpg)
<use ../images/lakatosmodel.jpg>
Package pdftex.def Info: ../images/lakatosmodel.jpg  used on input line 717.
(pdftex.def)             Requested size: 308.06367pt x 226.85497pt.
 [145

 <../images/lakatosmodel.jpg>]
<../images/Feyerabend.jpeg, id=4208, 467.7475pt x 660.4675pt>
File: ../images/Feyerabend.jpeg Graphic file (type jpg)
<use ../images/Feyerabend.jpeg>
Package pdftex.def Info: ../images/Feyerabend.jpeg  used on input line 733.
(pdftex.def)             Requested size: 50.0pt x 70.59575pt.
 [146

 <../images/Feyerabend.jpeg>]
File: ../images/Feyerabend.jpeg Graphic file (type jpg)
<use ../images/Feyerabend.jpeg>
Package pdftex.def Info: ../images/Feyerabend.jpeg  used on input line 733.
(pdftex.def)             Requested size: 50.0pt x 70.59575pt.
 [147

]
File: ../images/Feyerabend.jpeg Graphic file (type jpg)
<use ../images/Feyerabend.jpeg>
Package pdftex.def Info: ../images/Feyerabend.jpeg  used on input line 733.
(pdftex.def)             Requested size: 50.0pt x 70.59575pt.
 [148

]
File: ../images/Feyerabend.jpeg Graphic file (type jpg)
<use ../images/Feyerabend.jpeg>
Package pdftex.def Info: ../images/Feyerabend.jpeg  used on input line 733.
(pdftex.def)             Requested size: 50.0pt x 70.59575pt.
 [149

]
File: ../images/Feyerabend.jpeg Graphic file (type jpg)
<use ../images/Feyerabend.jpeg>
Package pdftex.def Info: ../images/Feyerabend.jpeg  used on input line 733.
(pdftex.def)             Requested size: 50.0pt x 70.59575pt.
 [150

] [151

] [152

] [153

] [154

] [155

] [156

] (./ScienceIncentives.toc) [157

] [158

]
<../images/John_Ioannidis.jpg, id=4581, 542.025pt x 722.7pt>
File: ../images/John_Ioannidis.jpg Graphic file (type jpg)
<use ../images/John_Ioannidis.jpg>
Package pdftex.def Info: ../images/John_Ioannidis.jpg  used on input line 767.
(pdftex.def)             Requested size: 71.88242pt x 95.84pt.
 [159

 <../images/John_Ioannidis.jpg>]
File: ../images/moststudiesfalse.png Graphic file (type png)
<use ../images/moststudiesfalse.png>
Package pdftex.def Info: ../images/moststudiesfalse.png  used on input line 776.
(pdftex.def)             Requested size: 239.60567pt x 54.62057pt.
 [160

]
File: ../images/moststudiesfalse.png Graphic file (type png)
<use ../images/moststudiesfalse.png>
Package pdftex.def Info: ../images/moststudiesfalse.png  used on input line 776.
(pdftex.def)             Requested size: 239.60567pt x 54.62057pt.
 [161

]
File: ../images/moststudiesfalse.png Graphic file (type png)
<use ../images/moststudiesfalse.png>
Package pdftex.def Info: ../images/moststudiesfalse.png  used on input line 776.
(pdftex.def)             Requested size: 239.60567pt x 54.62057pt.
 [162

] [163

] [164

] [165

] [166

] [167

] [168

] [169

] [170

] [171

] [172

] [173

] [174

] [175

] [176

] [177

] [178

] [179

] [180

] [181

] [182

] [183

] [184

] [185

]
<../images/stagnant.png, id=5378, 180.675pt x 60.9477pt>
File: ../images/stagnant.png Graphic file (type png)
<use ../images/stagnant.png>
Package pdftex.def Info: ../images/stagnant.png  used on input line 845.
(pdftex.def)             Requested size: 239.60567pt x 80.82782pt.
 [186

 <../images/stagnant.png>]
File: ../images/stagnant.png Graphic file (type png)
<use ../images/stagnant.png>
Package pdftex.def Info: ../images/stagnant.png  used on input line 845.
(pdftex.def)             Requested size: 239.60567pt x 80.82782pt.
 [187

]
<../images/paperspatents.png, id=5454, 308.8338pt x 154.6578pt>
File: ../images/paperspatents.png Graphic file (type png)
<use ../images/paperspatents.png>
Package pdftex.def Info: ../images/paperspatents.png  used on input line 849.
(pdftex.def)             Requested size: 342.2953pt x 171.42438pt.
 [188

 <../images/paperspatents.png>] (./ScienceIncentives.toc) [189

] [190

] [191

] [192

] [193

] [194

] [195

] [196

] [197

] [198

] [199

] [200

] [201

] [202

] [203

] [204

] [205

]
<../images/statsdonewrong.jpg, id=5938, 669.50125pt x 1003.75pt>
File: ../images/statsdonewrong.jpg Graphic file (type jpg)
<use ../images/statsdonewrong.jpg>
Package pdftex.def Info: ../images/statsdonewrong.jpg  used on input line 933.
(pdftex.def)             Requested size: 60.0pt x 89.9507pt.
<../images/againstmethod.jpg, id=5939, 672.5125pt x 1003.75pt>
File: ../images/againstmethod.jpg Graphic file (type jpg)
<use ../images/againstmethod.jpg>
Package pdftex.def Info: ../images/againstmethod.jpg  used on input line 933.
(pdftex.def)             Requested size: 60.0pt x 89.55247pt.
<../images/structures.jpg, id=5940, 313.17pt x 476.78125pt>
File: ../images/structures.jpg Graphic file (type jpg)
<use ../images/structures.jpg>
Package pdftex.def Info: ../images/structures.jpg  used on input line 933.
(pdftex.def)             Requested size: 60.0pt x 91.34598pt.
<../images/metaphysicalclub.jpg, id=5941, 1003.75pt x 1003.75pt>
File: ../images/metaphysicalclub.jpg Graphic file (type jpg)
<use ../images/metaphysicalclub.jpg>
Package pdftex.def Info: ../images/metaphysicalclub.jpg  used on input line 933.
(pdftex.def)             Requested size: 60.0pt x 59.99266pt.
<../images/degreesofsuccess.png, id=5942, 154.8987pt x 233.673pt>
File: ../images/degreesofsuccess.png Graphic file (type png)
<use ../images/degreesofsuccess.png>
Package pdftex.def Info: ../images/degreesofsuccess.png  used on input line 933.
(pdftex.def)             Requested size: 60.0pt x 90.51526pt.
File: ../images/moststudiesfalse.png Graphic file (type png)
<use ../images/moststudiesfalse.png>
Package pdftex.def Info: ../images/moststudiesfalse.png  used on input line 933.
(pdftex.def)             Requested size: 190.0pt x 43.31268pt.
File: ../images/sciencefunding.png Graphic file (type png)
<use ../images/sciencefunding.png>
Package pdftex.def Info: ../images/sciencefunding.png  used on input line 933.
(pdftex.def)             Requested size: 160.0pt x 49.36661pt.
<../images/voxarticle.png, id=5943, 183.3249pt x 90.8193pt>
File: ../images/voxarticle.png Graphic file (type png)
<use ../images/voxarticle.png>
Package pdftex.def Info: ../images/voxarticle.png  used on input line 933.
(pdftex.def)             Requested size: 140.0pt x 69.36012pt.
 [206

 <../images/statsdonewrong.jpg> <../images/againstmethod.jpg> <../images/structures.jpg> <../images/metaphysicalclub.jpg> <../images/degreesofsuccess.png> <../images/voxarticle.png>]
\tf@nav=\write6
\openout6 = `ScienceIncentives.nav'.

\tf@toc=\write7
\openout7 = `ScienceIncentives.toc'.

\tf@snm=\write8
\openout8 = `ScienceIncentives.snm'.

 (./ScienceIncentives.aux)
Package rerunfilecheck Info: File `ScienceIncentives.out' has not changed.
(rerunfilecheck)             Checksum: C94EBF82C7B5715373B3A7153AF1768F;806.
 ) 
Here is how much of TeX's memory you used:
 26103 strings out of 478287
 504103 string characters out of 5849290
 757459 words of memory out of 5000000
 43281 multiletter control sequences out of 15000+600000
 484190 words of font info for 76 fonts, out of 8000000 for 9000
 1141 hyphenation exceptions out of 8191
 128i,15n,122p,510b,949s stack positions out of 5000i,500n,10000p,200000b,80000s
{/usr/share/texmf/fonts/enc/dvips/cm-super/cm-super-ts1.enc}</usr/share/texlive/texmf-dist/fonts/type1/public/amsfonts/cm/cmbsy10.pfb></usr/share/texlive/texmf-dist/fonts/type1/public/amsfonts/cm/cmmi10.pfb></usr/share/texlive/texmf-dist/fonts/type1/public/amsfonts/cm/cmss10.pfb></usr/share/texlive/texmf-dist/fonts/type1/public/amsfonts/cm/cmss12.pfb></usr/share/texlive/texmf-dist/fonts/type1/public/amsfonts/cm/cmss8.pfb></usr/share/texlive/texmf-dist/fonts/type1/public/amsfonts/cm/cmss9.pfb></usr/share/texlive/texmf-dist/fonts/type1/public/amsfonts/cm/cmssbx10.pfb></usr/share/texlive/texmf-dist/fonts/type1/public/amsfonts/cm/cmssi10.pfb></usr/share/texlive/texmf-dist/fonts/type1/public/amsfonts/cm/cmtt10.pfb></usr/share/texlive/texmf-dist/fonts/type1/public/amsfonts/cm/cmtt8.pfb></usr/share/texlive/texmf-dist/fonts/type1/public/amsfonts/symbols/msam7.pfb></usr/share/texmf/fonts/type1/public/cm-super/sfss1095.pfb>
Output written on ScienceIncentives.pdf (206 pages, 6235550 bytes).
PDF statistics:
 6123 PDF objects out of 6186 (max. 8388607)
 5611 compressed objects within 57 object streams
 421 named destinations out of 1000 (max. 500000)
 1176 words of extra memory for PDF output out of 10000 (max. 10000000)

